[2019-04-03 22:54:37.727] [sharedprocess] [info] main {"machineId":"8462eae2c9005304a9c8f82ff97bda8897d952a7e58476dacffbc0f8ccabea3c"}
[2019-04-03 22:54:37.869] [sharedprocess] [info] Scanned user extensions: 10
[2019-04-03 22:54:37.898] [sharedprocess] [info] Scanned user extensions: 10
[2019-04-03 22:54:37.899] [sharedprocess] [info] Scanned user extensions: 10
[2019-04-03 22:54:37.954] [sharedprocess] [info] Scanned system extensions: 72
[2019-04-03 22:54:37.963] [sharedprocess] [info] Scanned system extensions: 72
[2019-04-03 22:54:37.970] [sharedprocess] [info] Scanned system extensions: 72
[2019-04-03 22:54:37.987] [sharedprocess] [info] Deleted from disk redhat.java /home/reyes/.vscode-oss/extensions/redhat.java-0.41.0
[2019-04-03 22:54:37.994] [sharedprocess] [info] Deleted from disk ms-python.python /home/reyes/.vscode-oss/extensions/ms-python.python-2019.3.6139
[2019-04-03 22:54:38.044] [sharedprocess] [info] Scanned user extensions: 10
[2019-04-03 22:54:39.501] [sharedprocess] [info] Installing extension: ms-python.python
[2019-04-03 22:54:39.504] [sharedprocess] [info] Installing extension: redhat.java
[2019-04-03 22:54:39.543] [sharedprocess] [info] Scanned user extensions: 10
[2019-04-03 22:54:39.559] [sharedprocess] [info] Scanned user extensions: 10
[2019-04-03 22:54:41.460] [sharedprocess] [info] Scanned user extensions: 10
[2019-04-03 22:54:41.466] [sharedprocess] [info] Scanned user extensions: 10
[2019-04-03 22:54:41.471] [sharedprocess] [info] Scanned user extensions: 10
[2019-04-03 22:54:41.473] [sharedprocess] [info] Scanned user extensions: 10
[2019-04-03 22:54:41.512] [sharedprocess] [info] Scanned system extensions: 72
[2019-04-03 22:54:41.516] [sharedprocess] [info] Scanned system extensions: 72
[2019-04-03 22:54:41.520] [sharedprocess] [info] Scanned system extensions: 72
[2019-04-03 22:55:02.877] [sharedprocess] [info] Installing extension: shan.code-settings-sync
[2019-04-03 22:55:02.915] [sharedprocess] [info] Scanned user extensions: 10
[2019-04-03 22:55:07.966] [sharedprocess] [info] Downloaded extension: shan.code-settings-sync /tmp/48204bfc-9326-4fba-9ac8-abd81c0c3754
[2019-04-03 22:55:09.596] [sharedprocess] [info] Extracted extension to /home/reyes/.vscode-oss/extensions/.shan.code-settings-sync-3.2.7: shan.code-settings-sync
[2019-04-03 22:55:09.596] [sharedprocess] [info] Renamed to /home/reyes/.vscode-oss/extensions/shan.code-settings-sync-3.2.7
[2019-04-03 22:55:09.598] [sharedprocess] [info] Installation completed. shan.code-settings-sync
[2019-04-03 22:55:09.625] [sharedprocess] [info] Extensions installed successfully: shan.code-settings-sync
[2019-04-03 22:55:15.263] [sharedprocess] [info] Downloaded extension: ms-python.python /tmp/618b1e10-c219-4aab-9e84-735164c60bc1
[2019-04-03 22:55:15.999] [sharedprocess] [info] Extracted extension to /home/reyes/.vscode-oss/extensions/.ms-python.python-2019.3.6352: ms-python.python
[2019-04-03 22:55:15.999] [sharedprocess] [info] Renamed to /home/reyes/.vscode-oss/extensions/ms-python.python-2019.3.6352
[2019-04-03 22:55:16.003] [sharedprocess] [info] Installation completed. ms-python.python
[2019-04-03 22:55:16.019] [sharedprocess] [info] Extensions installed successfully: ms-python.python
[2019-04-03 22:55:17.739] [sharedprocess] [info] Starting to clean up unused language packs.
[2019-04-03 22:55:40.979] [sharedprocess] [info] Downloaded extension: redhat.java /tmp/fd8b5a9a-d96e-410c-865c-895bd6b20daa
[2019-04-03 22:55:41.715] [sharedprocess] [info] Extracted extension to /home/reyes/.vscode-oss/extensions/.redhat.java-0.42.1: redhat.java
[2019-04-03 22:55:41.715] [sharedprocess] [info] Renamed to /home/reyes/.vscode-oss/extensions/redhat.java-0.42.1
[2019-04-03 22:55:41.715] [sharedprocess] [info] Installation completed. redhat.java
[2019-04-03 22:55:41.759] [sharedprocess] [info] Extensions installed successfully: redhat.java
[2019-04-03 22:59:38.104] [sharedprocess] [info] Scanned user extensions: 11
[2019-04-03 23:04:38.155] [sharedprocess] [info] Scanned user extensions: 11
[2019-04-03 23:09:38.225] [sharedprocess] [info] Scanned user extensions: 11
[2019-04-03 23:14:38.266] [sharedprocess] [info] Scanned user extensions: 11
[2019-04-03 23:19:38.331] [sharedprocess] [info] Scanned user extensions: 11
[2019-04-03 23:24:38.395] [sharedprocess] [info] Scanned user extensions: 11
[2019-04-03 23:29:38.443] [sharedprocess] [info] Scanned user extensions: 11
[2019-04-03 23:34:38.479] [sharedprocess] [info] Scanned user extensions: 11
[2019-04-03 23:39:38.519] [sharedprocess] [info] Scanned user extensions: 11
[2019-04-03 23:44:38.569] [sharedprocess] [info] Scanned user extensions: 11
[2019-04-03 23:49:38.618] [sharedprocess] [info] Scanned user extensions: 11
[2019-04-03 23:54:38.670] [sharedprocess] [info] Scanned user extensions: 11
[2019-04-03 23:59:38.723] [sharedprocess] [info] Scanned user extensions: 11
[2019-04-04 00:04:38.782] [sharedprocess] [info] Scanned user extensions: 11
