[2019-03-25 09:11:02.445] [renderer1] [info] no standard startup: panel is active
[2019-03-25 09:54:44.258] [renderer1] [error] Data tree node not found: Locals: Error: Data tree node not found: Locals
    at q.getDataNode (file:///usr/lib/code/out/vs/workbench/workbench.main.js:939:375)
    at q.getNode (file:///usr/lib/code/out/vs/workbench/workbench.main.js:937:220)
    at e.every.e (file:///usr/lib/code/out/vs/workbench/workbench.main.js:4727:797)
    at Array.every (<anonymous>)
    at e.getScopes.then.e (file:///usr/lib/code/out/vs/workbench/workbench.main.js:4727:778)
    at process._tickCallback (internal/process/next_tick.js:68:7)
[2019-03-25 09:54:59.239] [renderer1] [error] Data tree node not found: Locals: Error: Data tree node not found: Locals
    at q.getDataNode (file:///usr/lib/code/out/vs/workbench/workbench.main.js:939:375)
    at q.getNode (file:///usr/lib/code/out/vs/workbench/workbench.main.js:937:220)
    at e.every.e (file:///usr/lib/code/out/vs/workbench/workbench.main.js:4727:797)
    at Array.every (<anonymous>)
    at e.getScopes.then.e (file:///usr/lib/code/out/vs/workbench/workbench.main.js:4727:778)
    at process._tickCallback (internal/process/next_tick.js:68:7)
[2019-03-25 09:56:17.968] [renderer1] [error] Data tree node not found: Locals: Error: Data tree node not found: Locals
    at q.getDataNode (file:///usr/lib/code/out/vs/workbench/workbench.main.js:939:375)
    at q.getNode (file:///usr/lib/code/out/vs/workbench/workbench.main.js:937:220)
    at e.every.e (file:///usr/lib/code/out/vs/workbench/workbench.main.js:4727:797)
    at Array.every (<anonymous>)
    at e.getScopes.then.e (file:///usr/lib/code/out/vs/workbench/workbench.main.js:4727:778)
    at process._tickCallback (internal/process/next_tick.js:68:7)
[2019-03-25 09:56:19.289] [renderer1] [error] Data tree node not found: Locals: Error: Data tree node not found: Locals
    at q.getDataNode (file:///usr/lib/code/out/vs/workbench/workbench.main.js:939:375)
    at q.getNode (file:///usr/lib/code/out/vs/workbench/workbench.main.js:937:220)
    at e.every.e (file:///usr/lib/code/out/vs/workbench/workbench.main.js:4727:797)
    at Array.every (<anonymous>)
    at e.getScopes.then.e (file:///usr/lib/code/out/vs/workbench/workbench.main.js:4727:778)
    at process._tickCallback (internal/process/next_tick.js:68:7)
[2019-03-25 09:56:20.603] [renderer1] [error] Data tree node not found: Locals: Error: Data tree node not found: Locals
    at q.getDataNode (file:///usr/lib/code/out/vs/workbench/workbench.main.js:939:375)
    at q.getNode (file:///usr/lib/code/out/vs/workbench/workbench.main.js:937:220)
    at e.every.e (file:///usr/lib/code/out/vs/workbench/workbench.main.js:4727:797)
    at Array.every (<anonymous>)
    at e.getScopes.then.e (file:///usr/lib/code/out/vs/workbench/workbench.main.js:4727:778)
    at process._tickCallback (internal/process/next_tick.js:68:7)
[2019-03-25 10:01:06.780] [renderer1] [error] Data tree node not found: Locals: Error: Data tree node not found: Locals
    at q.getDataNode (file:///usr/lib/code/out/vs/workbench/workbench.main.js:939:375)
    at q.getNode (file:///usr/lib/code/out/vs/workbench/workbench.main.js:937:220)
    at e.every.e (file:///usr/lib/code/out/vs/workbench/workbench.main.js:4727:797)
    at Array.every (<anonymous>)
    at e.getScopes.then.e (file:///usr/lib/code/out/vs/workbench/workbench.main.js:4727:778)
    at process._tickCallback (internal/process/next_tick.js:68:7)
[2019-03-25 10:01:24.805] [renderer1] [error] Data tree node not found: TP
not available: Error: Data tree node not found: TP
not available
    at q.getDataNode (file:///usr/lib/code/out/vs/workbench/workbench.main.js:939:375)
    at q.rerender (file:///usr/lib/code/out/vs/workbench/workbench.main.js:937:73)
    at disposables.push.debugService.getViewModel.onDidSelectExpression.e (file:///usr/lib/code/out/vs/workbench/workbench.main.js:4772:646)
    at d.fire (file:///usr/lib/code/out/vs/workbench/workbench.main.js:73:416)
    at setSelectedExpression (file:///usr/lib/code/out/vs/workbench/workbench.main.js:2522:332)
    at q.addWatchExpression (file:///usr/lib/code/out/vs/workbench/workbench.main.js:4720:552)
    at q.run (file:///usr/lib/code/out/vs/workbench/workbench.main.js:4632:758)
    at o.runAction (file:///usr/lib/code/out/vs/workbench/workbench.main.js:91:514)
    at o.run (file:///usr/lib/code/out/vs/workbench/workbench.main.js:91:352)
    at v.runAction (file:///usr/lib/code/out/vs/workbench/workbench.main.js:2778:552)
    at Object.click (file:///usr/lib/code/out/vs/workbench/workbench.main.js:2778:153)
    at EventEmitter.c (file:///usr/lib/code/out/vs/workbench/workbench.main.js:304:339)
    at Object.onceWrapper (events.js:273:13)
    at EventEmitter.emit (events.js:182:13)
[2019-03-25 10:14:44.805] [renderer1] [error] Data tree node not found: Locals: Error: Data tree node not found: Locals
    at q.getDataNode (file:///usr/lib/code/out/vs/workbench/workbench.main.js:939:375)
    at q.getNode (file:///usr/lib/code/out/vs/workbench/workbench.main.js:937:220)
    at e.every.e (file:///usr/lib/code/out/vs/workbench/workbench.main.js:4727:797)
    at Array.every (<anonymous>)
    at e.getScopes.then.e (file:///usr/lib/code/out/vs/workbench/workbench.main.js:4727:778)
    at process._tickCallback (internal/process/next_tick.js:68:7)
