[2019-03-25 00:42:21.994] [renderer1] [info] no standard startup: not the explorer viewlet
[2019-03-25 01:07:20.619] [renderer1] [error] Data tree node not found: Locals: Error: Data tree node not found: Locals
    at q.getDataNode (file:///usr/lib/code/out/vs/workbench/workbench.main.js:939:375)
    at q.getNode (file:///usr/lib/code/out/vs/workbench/workbench.main.js:937:220)
    at e.every.e (file:///usr/lib/code/out/vs/workbench/workbench.main.js:4727:797)
    at Array.every (<anonymous>)
    at e.getScopes.then.e (file:///usr/lib/code/out/vs/workbench/workbench.main.js:4727:778)
    at process._tickCallback (internal/process/next_tick.js:68:7)
[2019-03-25 01:07:22.791] [renderer1] [error] Data tree node not found: Locals: Error: Data tree node not found: Locals
    at q.getDataNode (file:///usr/lib/code/out/vs/workbench/workbench.main.js:939:375)
    at q.getNode (file:///usr/lib/code/out/vs/workbench/workbench.main.js:937:220)
    at e.every.e (file:///usr/lib/code/out/vs/workbench/workbench.main.js:4727:797)
    at Array.every (<anonymous>)
    at e.getScopes.then.e (file:///usr/lib/code/out/vs/workbench/workbench.main.js:4727:778)
    at process._tickCallback (internal/process/next_tick.js:68:7)
[2019-03-25 01:07:23.985] [renderer1] [error] Data tree node not found: Locals: Error: Data tree node not found: Locals
    at q.getDataNode (file:///usr/lib/code/out/vs/workbench/workbench.main.js:939:375)
    at q.getNode (file:///usr/lib/code/out/vs/workbench/workbench.main.js:937:220)
    at e.every.e (file:///usr/lib/code/out/vs/workbench/workbench.main.js:4727:797)
    at Array.every (<anonymous>)
    at e.getScopes.then.e (file:///usr/lib/code/out/vs/workbench/workbench.main.js:4727:778)
    at process._tickCallback (internal/process/next_tick.js:68:7)
[2019-03-25 01:07:25.907] [renderer1] [error] Data tree node not found: Locals: Error: Data tree node not found: Locals
    at q.getDataNode (file:///usr/lib/code/out/vs/workbench/workbench.main.js:939:375)
    at q.getNode (file:///usr/lib/code/out/vs/workbench/workbench.main.js:937:220)
    at e.every.e (file:///usr/lib/code/out/vs/workbench/workbench.main.js:4727:797)
    at Array.every (<anonymous>)
    at e.getScopes.then.e (file:///usr/lib/code/out/vs/workbench/workbench.main.js:4727:778)
    at process._tickCallback (internal/process/next_tick.js:68:7)
[2019-03-25 01:07:29.291] [renderer1] [error] Data tree node not found: Locals: Error: Data tree node not found: Locals
    at q.getDataNode (file:///usr/lib/code/out/vs/workbench/workbench.main.js:939:375)
    at q.getNode (file:///usr/lib/code/out/vs/workbench/workbench.main.js:937:220)
    at e.every.e (file:///usr/lib/code/out/vs/workbench/workbench.main.js:4727:797)
    at Array.every (<anonymous>)
    at e.getScopes.then.e (file:///usr/lib/code/out/vs/workbench/workbench.main.js:4727:778)
    at process._tickCallback (internal/process/next_tick.js:68:7)
