[2019-03-25 09:11:00.493] [exthost] [info] extension host started
[2019-03-25 09:11:00.626] [exthost] [info] ExtensionService#_doActivateExtension vscode.debug-auto-launch {"startup":true,"activationEvent":"*"}
[2019-03-25 09:11:00.626] [exthost] [info] ExtensionService#loadCommonJSModule /usr/lib/code/extensions/debug-auto-launch/dist/extension
[2019-03-25 09:11:00.633] [exthost] [info] ExtensionService#_doActivateExtension vscode.emmet {"startup":true,"activationEvent":"*"}
[2019-03-25 09:11:00.633] [exthost] [info] ExtensionService#loadCommonJSModule /usr/lib/code/extensions/emmet/dist/extension
[2019-03-25 09:11:00.656] [exthost] [info] ExtensionService#_doActivateExtension vscode.git {"startup":true,"activationEvent":"*"}
[2019-03-25 09:11:00.656] [exthost] [info] ExtensionService#loadCommonJSModule /usr/lib/code/extensions/git/dist/main
[2019-03-25 09:11:00.774] [exthost] [info] ExtensionService#_doActivateExtension vscode.merge-conflict {"startup":true,"activationEvent":"*"}
[2019-03-25 09:11:00.774] [exthost] [info] ExtensionService#loadCommonJSModule /usr/lib/code/extensions/merge-conflict/dist/extension
[2019-03-25 09:11:00.786] [exthost] [info] ExtensionService#_doActivateExtension Equinusocio.vsc-material-theme {"startup":true,"activationEvent":"*"}
[2019-03-25 09:11:00.786] [exthost] [info] ExtensionService#loadCommonJSModule /home/reyes/.vscode-oss/extensions/equinusocio.vsc-material-theme-2.8.2/out/src/material.theme.config
[2019-03-25 09:11:00.800] [exthost] [info] ExtensionService#_doActivateExtension PKief.material-icon-theme {"startup":true,"activationEvent":"*"}
[2019-03-25 09:11:00.800] [exthost] [info] ExtensionService#loadCommonJSModule /home/reyes/.vscode-oss/extensions/pkief.material-icon-theme-3.7.0/dist/extension
[2019-03-25 09:11:00.825] [exthost] [info] ExtensionService#_doActivateExtension vscode.python {"startup":false,"activationEvent":"onLanguage:python"}
[2019-03-25 09:11:00.825] [exthost] [info] ExtensionService#loadCommonJSModule /usr/lib/code/extensions/python/out/pythonMain
[2019-03-25 09:11:00.826] [exthost] [info] ExtensionService#_doActivateExtension ms-python.python {"startup":false,"activationEvent":"onLanguage:python"}
[2019-03-25 09:11:00.826] [exthost] [info] ExtensionService#loadCommonJSModule /home/reyes/.vscode-oss/extensions/ms-python.python-2019.2.5558/out/client/extension
[2019-03-25 09:11:01.277] [exthost] [info] eager extensions activated
[2019-03-25 09:54:24.159] [exthost] [info] ExtensionService#_doActivateExtension vscode.configuration-editing {"startup":false,"activationEvent":"onLanguage:jsonc"}
[2019-03-25 09:54:24.159] [exthost] [info] ExtensionService#loadCommonJSModule /usr/lib/code/extensions/configuration-editing/dist/extension
[2019-03-25 09:54:24.177] [exthost] [info] ExtensionService#_doActivateExtension vscode.json-language-features {"startup":false,"activationEvent":"onLanguage:jsonc"}
[2019-03-25 09:54:24.177] [exthost] [info] ExtensionService#loadCommonJSModule /usr/lib/code/extensions/json-language-features/client/dist/jsonMain
[2019-03-25 09:54:24.241] [exthost] [info] ExtensionService#_doActivateExtension vscode.typescript-language-features {"startup":false,"activationEvent":"onLanguage:jsonc"}
[2019-03-25 09:54:24.241] [exthost] [info] ExtensionService#loadCommonJSModule /usr/lib/code/extensions/typescript-language-features/dist/extension
[2019-03-25 09:54:38.662] [exthost] [info] ExtensionService#_doActivateExtension ms-vscode.cpptools {"startup":false,"activationEvent":"onDebug"}
[2019-03-25 09:54:38.662] [exthost] [info] ExtensionService#loadCommonJSModule /home/reyes/.vscode-oss/extensions/ms-vscode.cpptools-0.22.1/out/src/main
[2019-03-25 09:54:39.032] [exthost] [info] ExtensionService#_doActivateExtension vscode.debug-server-ready {"startup":false,"activationEvent":"onDebugResolve"}
[2019-03-25 09:54:39.032] [exthost] [info] ExtensionService#loadCommonJSModule /usr/lib/code/extensions/debug-server-ready/dist/extension
