[2019-04-03 22:54:36.263] [exthost] [info] extension host started
[2019-04-03 22:54:36.288] [exthost] [info] ExtensionService#_doActivateExtension vscode.debug-auto-launch {"startup":true,"activationEvent":"*"}
[2019-04-03 22:54:36.288] [exthost] [info] ExtensionService#loadCommonJSModule /usr/lib/code/extensions/debug-auto-launch/dist/extension
[2019-04-03 22:54:36.292] [exthost] [info] ExtensionService#_doActivateExtension vscode.emmet {"startup":true,"activationEvent":"*"}
[2019-04-03 22:54:36.292] [exthost] [info] ExtensionService#loadCommonJSModule /usr/lib/code/extensions/emmet/dist/extension
[2019-04-03 22:54:36.311] [exthost] [info] ExtensionService#_doActivateExtension vscode.git {"startup":true,"activationEvent":"*"}
[2019-04-03 22:54:36.311] [exthost] [info] ExtensionService#loadCommonJSModule /usr/lib/code/extensions/git/dist/main
[2019-04-03 22:54:36.415] [exthost] [info] ExtensionService#_doActivateExtension vscode.merge-conflict {"startup":true,"activationEvent":"*"}
[2019-04-03 22:54:36.415] [exthost] [info] ExtensionService#loadCommonJSModule /usr/lib/code/extensions/merge-conflict/dist/extension
[2019-04-03 22:54:36.420] [exthost] [info] ExtensionService#_doActivateExtension Equinusocio.vsc-material-theme {"startup":true,"activationEvent":"*"}
[2019-04-03 22:54:36.420] [exthost] [info] ExtensionService#loadCommonJSModule /home/reyes/.vscode-oss/extensions/equinusocio.vsc-material-theme-2.8.2/out/src/material.theme.config
[2019-04-03 22:54:36.429] [exthost] [info] ExtensionService#_doActivateExtension PKief.material-icon-theme {"startup":true,"activationEvent":"*"}
[2019-04-03 22:54:36.429] [exthost] [info] ExtensionService#loadCommonJSModule /home/reyes/.vscode-oss/extensions/pkief.material-icon-theme-3.7.0/dist/extension
[2019-04-03 22:54:36.451] [exthost] [info] eager extensions activated
[2019-04-03 22:55:09.931] [exthost] [info] ExtensionService#_doActivateExtension Shan.code-settings-sync {"startup":false,"activationEvent":"*"}
[2019-04-03 22:55:09.931] [exthost] [info] ExtensionService#loadCommonJSModule /home/reyes/.vscode-oss/extensions/shan.code-settings-sync-3.2.7/out/extension.js
[2019-04-03 22:55:23.370] [exthost] [info] ExtensionService#_doActivateExtension ms-vscode.cpptools {"startup":false,"activationEvent":"onLanguage:c"}
[2019-04-03 22:55:23.370] [exthost] [info] ExtensionService#loadCommonJSModule /home/reyes/.vscode-oss/extensions/ms-vscode.cpptools-0.22.1/out/src/main
[2019-04-03 22:55:28.676] [exthost] [info] ExtensionService#_doActivateExtension redhat.java {"startup":false,"activationEvent":"onCommand:java.projectConfiguration.update"}
[2019-04-03 22:55:28.676] [exthost] [info] ExtensionService#loadCommonJSModule /home/reyes/.vscode-oss/extensions/redhat.java-0.42.0/dist/extension
[2019-04-03 23:05:16.190] [exthost] [info] ExtensionService#_doActivateExtension vscode.configuration-editing {"startup":false,"activationEvent":"onLanguage:jsonc"}
[2019-04-03 23:05:16.191] [exthost] [info] ExtensionService#loadCommonJSModule /usr/lib/code/extensions/configuration-editing/dist/extension
[2019-04-03 23:05:16.221] [exthost] [info] ExtensionService#_doActivateExtension vscode.json-language-features {"startup":false,"activationEvent":"onLanguage:jsonc"}
[2019-04-03 23:05:16.221] [exthost] [info] ExtensionService#loadCommonJSModule /usr/lib/code/extensions/json-language-features/client/dist/jsonMain
[2019-04-03 23:05:16.366] [exthost] [info] ExtensionService#_doActivateExtension vscode.typescript-language-features {"startup":false,"activationEvent":"onLanguage:jsonc"}
[2019-04-03 23:05:16.366] [exthost] [info] ExtensionService#loadCommonJSModule /usr/lib/code/extensions/typescript-language-features/dist/extension
