Looking for git in: git
Using git 2.21.0 from git
> git rev-parse --show-toplevel
> git config --get commit.template
Open repository: /home/reyes/7.-Sexto-semestre
> git status -z -u
> git symbolic-ref --short HEAD
> git rev-parse master
> git rev-parse --symbolic-full-name master@{u}
> git rev-list --left-right master...refs/remotes/origin/master
> git for-each-ref --format %(refname) %(objectname) --sort -committerdate
> git remote --verbose
> git check-ignore -z --stdin
> git check-ignore -z --stdin
> git show :Inteligencia artificial/geneticAlgorithm/Gene.java
> git check-ignore -z --stdin
> git show :Inteligencia artificial/agent/Blackboard.java
> git show :Inteligencia artificial/agent/UDLAgent.java
> git show :Inteligencia artificial/agent/Message.java
> git show :Inteligencia artificial/agent/Puzzle4x4Agent.java
> git show :Inteligencia artificial/agent/Main-agent.java
> git show :Inteligencia artificial/agent/Puzzle4x4Agent.java
> git show :Inteligencia artificial/agent/UDLAgent.java
> git show :Inteligencia artificial/agent/Main-agent.java
> git show :Inteligencia artificial/agent/Puzzle4x4Agent.java
> git show :Inteligencia artificial/agent/UDLAgent.java
> git show :Inteligencia artificial/agent/Puzzle4x4Agent.java
> git show :Inteligencia artificial/agent/Message.java
> git show :Inteligencia artificial/agent/Main-agent.java
> git show :Inteligencia artificial/agent/Condition.java
> git show :Inteligencia artificial/agent/Commitment.java
