[Error - 11:44:02 PM] Mar 26, 2019 11:44:02 PM Resolve organize imports source action
_/agent [in Inteligencia artificial_e042b571] is not on its project's build path
Java Model Exception: Java Model Status [_/agent [in Inteligencia artificial_e042b571] is not on its project's build path]
	at org.eclipse.jdt.internal.core.PackageFragmentRoot.getResolvedClasspathEntry(PackageFragmentRoot.java:616)
	at org.eclipse.jdt.core.manipulation.OrganizeImportsOperation$TypeReferenceProcessor.process(OrganizeImportsOperation.java:358)
	at org.eclipse.jdt.core.manipulation.OrganizeImportsOperation.createTextEdit(OrganizeImportsOperation.java:597)
	at org.eclipse.jdt.ls.core.internal.text.correction.SourceAssistProcessor.getOrganizeImportsProposal(SourceAssistProcessor.java:129)
	at org.eclipse.jdt.ls.core.internal.text.correction.SourceAssistProcessor.getSourceActionCommands(SourceAssistProcessor.java:81)
	at org.eclipse.jdt.ls.core.internal.handlers.CodeActionHandler.getCodeActionCommands(CodeActionHandler.java:126)
	at org.eclipse.jdt.ls.core.internal.handlers.JDTLanguageServer.lambda$14(JDTLanguageServer.java:592)
	at org.eclipse.jdt.ls.core.internal.handlers.JDTLanguageServer.lambda$30(JDTLanguageServer.java:821)
	at java.util.concurrent.CompletableFuture.uniApply(CompletableFuture.java:602)
	at java.util.concurrent.CompletableFuture$UniApply.tryFire(CompletableFuture.java:577)
	at java.util.concurrent.CompletableFuture$Completion.exec(CompletableFuture.java:443)
	at java.util.concurrent.ForkJoinTask.doExec(ForkJoinTask.java:289)
	at java.util.concurrent.ForkJoinPool$WorkQueue.runTask(ForkJoinPool.java:1056)
	at java.util.concurrent.ForkJoinPool.runWorker(ForkJoinPool.java:1692)
	at java.util.concurrent.ForkJoinWorkerThread.run(ForkJoinWorkerThread.java:157)

[Error - 11:44:06 PM] Mar 26, 2019 11:44:06 PM Resolve organize imports source action
_/agent [in Inteligencia artificial_e042b571] is not on its project's build path
Java Model Exception: Java Model Status [_/agent [in Inteligencia artificial_e042b571] is not on its project's build path]
	at org.eclipse.jdt.internal.core.PackageFragmentRoot.getResolvedClasspathEntry(PackageFragmentRoot.java:616)
	at org.eclipse.jdt.core.manipulation.OrganizeImportsOperation$TypeReferenceProcessor.process(OrganizeImportsOperation.java:358)
	at org.eclipse.jdt.core.manipulation.OrganizeImportsOperation.createTextEdit(OrganizeImportsOperation.java:597)
	at org.eclipse.jdt.ls.core.internal.text.correction.SourceAssistProcessor.getOrganizeImportsProposal(SourceAssistProcessor.java:129)
	at org.eclipse.jdt.ls.core.internal.text.correction.SourceAssistProcessor.getSourceActionCommands(SourceAssistProcessor.java:81)
	at org.eclipse.jdt.ls.core.internal.handlers.CodeActionHandler.getCodeActionCommands(CodeActionHandler.java:126)
	at org.eclipse.jdt.ls.core.internal.handlers.JDTLanguageServer.lambda$14(JDTLanguageServer.java:592)
	at org.eclipse.jdt.ls.core.internal.handlers.JDTLanguageServer.lambda$30(JDTLanguageServer.java:821)
	at java.util.concurrent.CompletableFuture.uniApply(CompletableFuture.java:602)
	at java.util.concurrent.CompletableFuture$UniApply.tryFire(CompletableFuture.java:577)
	at java.util.concurrent.CompletableFuture$Completion.exec(CompletableFuture.java:443)
	at java.util.concurrent.ForkJoinTask.doExec(ForkJoinTask.java:289)
	at java.util.concurrent.ForkJoinPool$WorkQueue.runTask(ForkJoinPool.java:1056)
	at java.util.concurrent.ForkJoinPool.runWorker(ForkJoinPool.java:1692)
	at java.util.concurrent.ForkJoinWorkerThread.run(ForkJoinWorkerThread.java:157)

[Error - 11:44:55 PM] Mar 26, 2019 11:44:55 PM Resolve organize imports source action
_/agent [in Inteligencia artificial_e042b571] is not on its project's build path
Java Model Exception: Java Model Status [_/agent [in Inteligencia artificial_e042b571] is not on its project's build path]
	at org.eclipse.jdt.internal.core.PackageFragmentRoot.getResolvedClasspathEntry(PackageFragmentRoot.java:616)
	at org.eclipse.jdt.core.manipulation.OrganizeImportsOperation$TypeReferenceProcessor.process(OrganizeImportsOperation.java:358)
	at org.eclipse.jdt.core.manipulation.OrganizeImportsOperation.createTextEdit(OrganizeImportsOperation.java:597)
	at org.eclipse.jdt.ls.core.internal.text.correction.SourceAssistProcessor.getOrganizeImportsProposal(SourceAssistProcessor.java:129)
	at org.eclipse.jdt.ls.core.internal.text.correction.SourceAssistProcessor.getSourceActionCommands(SourceAssistProcessor.java:81)
	at org.eclipse.jdt.ls.core.internal.handlers.CodeActionHandler.getCodeActionCommands(CodeActionHandler.java:126)
	at org.eclipse.jdt.ls.core.internal.handlers.JDTLanguageServer.lambda$14(JDTLanguageServer.java:592)
	at org.eclipse.jdt.ls.core.internal.handlers.JDTLanguageServer.lambda$30(JDTLanguageServer.java:821)
	at java.util.concurrent.CompletableFuture.uniApply(CompletableFuture.java:602)
	at java.util.concurrent.CompletableFuture$UniApply.tryFire(CompletableFuture.java:577)
	at java.util.concurrent.CompletableFuture$Completion.exec(CompletableFuture.java:443)
	at java.util.concurrent.ForkJoinTask.doExec(ForkJoinTask.java:289)
	at java.util.concurrent.ForkJoinPool$WorkQueue.runTask(ForkJoinPool.java:1056)
	at java.util.concurrent.ForkJoinPool.runWorker(ForkJoinPool.java:1692)
	at java.util.concurrent.ForkJoinWorkerThread.run(ForkJoinWorkerThread.java:157)

[Error - 11:45:59 PM] Mar 26, 2019 11:45:59 PM Resolve organize imports source action
_/agent [in Inteligencia artificial_e042b571] is not on its project's build path
Java Model Exception: Java Model Status [_/agent [in Inteligencia artificial_e042b571] is not on its project's build path]
	at org.eclipse.jdt.internal.core.PackageFragmentRoot.getResolvedClasspathEntry(PackageFragmentRoot.java:616)
	at org.eclipse.jdt.core.manipulation.OrganizeImportsOperation$TypeReferenceProcessor.process(OrganizeImportsOperation.java:358)
	at org.eclipse.jdt.core.manipulation.OrganizeImportsOperation.createTextEdit(OrganizeImportsOperation.java:597)
	at org.eclipse.jdt.ls.core.internal.text.correction.SourceAssistProcessor.getOrganizeImportsProposal(SourceAssistProcessor.java:129)
	at org.eclipse.jdt.ls.core.internal.text.correction.SourceAssistProcessor.getSourceActionCommands(SourceAssistProcessor.java:81)
	at org.eclipse.jdt.ls.core.internal.handlers.CodeActionHandler.getCodeActionCommands(CodeActionHandler.java:126)
	at org.eclipse.jdt.ls.core.internal.handlers.JDTLanguageServer.lambda$14(JDTLanguageServer.java:592)
	at org.eclipse.jdt.ls.core.internal.handlers.JDTLanguageServer.lambda$30(JDTLanguageServer.java:821)
	at java.util.concurrent.CompletableFuture.uniApply(CompletableFuture.java:602)
	at java.util.concurrent.CompletableFuture$UniApply.tryFire(CompletableFuture.java:577)
	at java.util.concurrent.CompletableFuture$Completion.exec(CompletableFuture.java:443)
	at java.util.concurrent.ForkJoinTask.doExec(ForkJoinTask.java:289)
	at java.util.concurrent.ForkJoinPool$WorkQueue.runTask(ForkJoinPool.java:1056)
	at java.util.concurrent.ForkJoinPool.runWorker(ForkJoinPool.java:1692)
	at java.util.concurrent.ForkJoinWorkerThread.run(ForkJoinWorkerThread.java:157)

[Error - 11:50:10 PM] Mar 26, 2019 11:50:10 PM Resolve organize imports source action
_/agent [in Inteligencia artificial_e042b571] is not on its project's build path
Java Model Exception: Java Model Status [_/agent [in Inteligencia artificial_e042b571] is not on its project's build path]
	at org.eclipse.jdt.internal.core.PackageFragmentRoot.getResolvedClasspathEntry(PackageFragmentRoot.java:616)
	at org.eclipse.jdt.core.manipulation.OrganizeImportsOperation$TypeReferenceProcessor.process(OrganizeImportsOperation.java:358)
	at org.eclipse.jdt.core.manipulation.OrganizeImportsOperation.createTextEdit(OrganizeImportsOperation.java:597)
	at org.eclipse.jdt.ls.core.internal.text.correction.SourceAssistProcessor.getOrganizeImportsProposal(SourceAssistProcessor.java:129)
	at org.eclipse.jdt.ls.core.internal.text.correction.SourceAssistProcessor.getSourceActionCommands(SourceAssistProcessor.java:81)
	at org.eclipse.jdt.ls.core.internal.handlers.CodeActionHandler.getCodeActionCommands(CodeActionHandler.java:126)
	at org.eclipse.jdt.ls.core.internal.handlers.JDTLanguageServer.lambda$14(JDTLanguageServer.java:592)
	at org.eclipse.jdt.ls.core.internal.handlers.JDTLanguageServer.lambda$30(JDTLanguageServer.java:821)
	at java.util.concurrent.CompletableFuture.uniApply(CompletableFuture.java:602)
	at java.util.concurrent.CompletableFuture$UniApply.tryFire(CompletableFuture.java:577)
	at java.util.concurrent.CompletableFuture$Completion.exec(CompletableFuture.java:443)
	at java.util.concurrent.ForkJoinTask.doExec(ForkJoinTask.java:289)
	at java.util.concurrent.ForkJoinPool$WorkQueue.runTask(ForkJoinPool.java:1056)
	at java.util.concurrent.ForkJoinPool.runWorker(ForkJoinPool.java:1692)
	at java.util.concurrent.ForkJoinWorkerThread.run(ForkJoinWorkerThread.java:157)

[Error - 11:56:05 PM] Mar 26, 2019 11:56:05 PM Resolve organize imports source action
_/agent [in Inteligencia artificial_e042b571] is not on its project's build path
Java Model Exception: Java Model Status [_/agent [in Inteligencia artificial_e042b571] is not on its project's build path]
	at org.eclipse.jdt.internal.core.PackageFragmentRoot.getResolvedClasspathEntry(PackageFragmentRoot.java:616)
	at org.eclipse.jdt.core.manipulation.OrganizeImportsOperation$TypeReferenceProcessor.process(OrganizeImportsOperation.java:358)
	at org.eclipse.jdt.core.manipulation.OrganizeImportsOperation.createTextEdit(OrganizeImportsOperation.java:597)
	at org.eclipse.jdt.ls.core.internal.text.correction.SourceAssistProcessor.getOrganizeImportsProposal(SourceAssistProcessor.java:129)
	at org.eclipse.jdt.ls.core.internal.text.correction.SourceAssistProcessor.getSourceActionCommands(SourceAssistProcessor.java:81)
	at org.eclipse.jdt.ls.core.internal.handlers.CodeActionHandler.getCodeActionCommands(CodeActionHandler.java:126)
	at org.eclipse.jdt.ls.core.internal.handlers.JDTLanguageServer.lambda$14(JDTLanguageServer.java:592)
	at org.eclipse.jdt.ls.core.internal.handlers.JDTLanguageServer.lambda$30(JDTLanguageServer.java:821)
	at java.util.concurrent.CompletableFuture.uniApply(CompletableFuture.java:602)
	at java.util.concurrent.CompletableFuture$UniApply.tryFire(CompletableFuture.java:577)
	at java.util.concurrent.CompletableFuture$Completion.exec(CompletableFuture.java:443)
	at java.util.concurrent.ForkJoinTask.doExec(ForkJoinTask.java:289)
	at java.util.concurrent.ForkJoinPool$WorkQueue.runTask(ForkJoinPool.java:1056)
	at java.util.concurrent.ForkJoinPool.runWorker(ForkJoinPool.java:1692)
	at java.util.concurrent.ForkJoinWorkerThread.run(ForkJoinWorkerThread.java:157)

[Error - 11:56:07 PM] Mar 26, 2019 11:56:07 PM Resolve organize imports source action
_/agent [in Inteligencia artificial_e042b571] is not on its project's build path
Java Model Exception: Java Model Status [_/agent [in Inteligencia artificial_e042b571] is not on its project's build path]
	at org.eclipse.jdt.internal.core.PackageFragmentRoot.getResolvedClasspathEntry(PackageFragmentRoot.java:616)
	at org.eclipse.jdt.core.manipulation.OrganizeImportsOperation$TypeReferenceProcessor.process(OrganizeImportsOperation.java:358)
	at org.eclipse.jdt.core.manipulation.OrganizeImportsOperation.createTextEdit(OrganizeImportsOperation.java:597)
	at org.eclipse.jdt.ls.core.internal.text.correction.SourceAssistProcessor.getOrganizeImportsProposal(SourceAssistProcessor.java:129)
	at org.eclipse.jdt.ls.core.internal.text.correction.SourceAssistProcessor.getSourceActionCommands(SourceAssistProcessor.java:81)
	at org.eclipse.jdt.ls.core.internal.handlers.CodeActionHandler.getCodeActionCommands(CodeActionHandler.java:126)
	at org.eclipse.jdt.ls.core.internal.handlers.JDTLanguageServer.lambda$14(JDTLanguageServer.java:592)
	at org.eclipse.jdt.ls.core.internal.handlers.JDTLanguageServer.lambda$30(JDTLanguageServer.java:821)
	at java.util.concurrent.CompletableFuture.uniApply(CompletableFuture.java:602)
	at java.util.concurrent.CompletableFuture$UniApply.tryFire(CompletableFuture.java:577)
	at java.util.concurrent.CompletableFuture$Completion.exec(CompletableFuture.java:443)
	at java.util.concurrent.ForkJoinTask.doExec(ForkJoinTask.java:289)
	at java.util.concurrent.ForkJoinPool$WorkQueue.runTask(ForkJoinPool.java:1056)
	at java.util.concurrent.ForkJoinPool.runWorker(ForkJoinPool.java:1692)
	at java.util.concurrent.ForkJoinWorkerThread.run(ForkJoinWorkerThread.java:157)

[Error - 11:56:08 PM] Mar 26, 2019 11:56:08 PM Resolve organize imports source action
_/agent [in Inteligencia artificial_e042b571] is not on its project's build path
Java Model Exception: Java Model Status [_/agent [in Inteligencia artificial_e042b571] is not on its project's build path]
	at org.eclipse.jdt.internal.core.PackageFragmentRoot.getResolvedClasspathEntry(PackageFragmentRoot.java:616)
	at org.eclipse.jdt.core.manipulation.OrganizeImportsOperation$TypeReferenceProcessor.process(OrganizeImportsOperation.java:358)
	at org.eclipse.jdt.core.manipulation.OrganizeImportsOperation.createTextEdit(OrganizeImportsOperation.java:597)
	at org.eclipse.jdt.ls.core.internal.text.correction.SourceAssistProcessor.getOrganizeImportsProposal(SourceAssistProcessor.java:129)
	at org.eclipse.jdt.ls.core.internal.text.correction.SourceAssistProcessor.getSourceActionCommands(SourceAssistProcessor.java:81)
	at org.eclipse.jdt.ls.core.internal.handlers.CodeActionHandler.getCodeActionCommands(CodeActionHandler.java:126)
	at org.eclipse.jdt.ls.core.internal.handlers.JDTLanguageServer.lambda$14(JDTLanguageServer.java:592)
	at org.eclipse.jdt.ls.core.internal.handlers.JDTLanguageServer.lambda$30(JDTLanguageServer.java:821)
	at java.util.concurrent.CompletableFuture.uniApply(CompletableFuture.java:602)
	at java.util.concurrent.CompletableFuture$UniApply.tryFire(CompletableFuture.java:577)
	at java.util.concurrent.CompletableFuture$Completion.exec(CompletableFuture.java:443)
	at java.util.concurrent.ForkJoinTask.doExec(ForkJoinTask.java:289)
	at java.util.concurrent.ForkJoinPool$WorkQueue.runTask(ForkJoinPool.java:1056)
	at java.util.concurrent.ForkJoinPool.runWorker(ForkJoinPool.java:1692)
	at java.util.concurrent.ForkJoinWorkerThread.run(ForkJoinWorkerThread.java:157)

[Error - 11:56:09 PM] Mar 26, 2019 11:56:09 PM Resolve organize imports source action
_/agent [in Inteligencia artificial_e042b571] is not on its project's build path
Java Model Exception: Java Model Status [_/agent [in Inteligencia artificial_e042b571] is not on its project's build path]
	at org.eclipse.jdt.internal.core.PackageFragmentRoot.getResolvedClasspathEntry(PackageFragmentRoot.java:616)
	at org.eclipse.jdt.core.manipulation.OrganizeImportsOperation$TypeReferenceProcessor.process(OrganizeImportsOperation.java:358)
	at org.eclipse.jdt.core.manipulation.OrganizeImportsOperation.createTextEdit(OrganizeImportsOperation.java:597)
	at org.eclipse.jdt.ls.core.internal.text.correction.SourceAssistProcessor.getOrganizeImportsProposal(SourceAssistProcessor.java:129)
	at org.eclipse.jdt.ls.core.internal.text.correction.SourceAssistProcessor.getSourceActionCommands(SourceAssistProcessor.java:81)
	at org.eclipse.jdt.ls.core.internal.handlers.CodeActionHandler.getCodeActionCommands(CodeActionHandler.java:126)
	at org.eclipse.jdt.ls.core.internal.handlers.JDTLanguageServer.lambda$14(JDTLanguageServer.java:592)
	at org.eclipse.jdt.ls.core.internal.handlers.JDTLanguageServer.lambda$30(JDTLanguageServer.java:821)
	at java.util.concurrent.CompletableFuture.uniApply(CompletableFuture.java:602)
	at java.util.concurrent.CompletableFuture$UniApply.tryFire(CompletableFuture.java:577)
	at java.util.concurrent.CompletableFuture$Completion.exec(CompletableFuture.java:443)
	at java.util.concurrent.ForkJoinTask.doExec(ForkJoinTask.java:289)
	at java.util.concurrent.ForkJoinPool$WorkQueue.runTask(ForkJoinPool.java:1056)
	at java.util.concurrent.ForkJoinPool.runWorker(ForkJoinPool.java:1692)
	at java.util.concurrent.ForkJoinWorkerThread.run(ForkJoinWorkerThread.java:157)

[Error - 11:57:23 PM] Mar 26, 2019 11:57:23 PM Resolve organize imports source action
_/agent [in Inteligencia artificial_e042b571] is not on its project's build path
Java Model Exception: Java Model Status [_/agent [in Inteligencia artificial_e042b571] is not on its project's build path]
	at org.eclipse.jdt.internal.core.JavaElement.newJavaModelException(JavaElement.java:583)
	at org.eclipse.jdt.internal.core.Openable.generateInfos(Openable.java:256)
	at org.eclipse.jdt.internal.core.Openable.openAncestors(Openable.java:530)
	at org.eclipse.jdt.internal.core.Openable.generateInfos(Openable.java:250)
	at org.eclipse.jdt.internal.core.Openable.openAncestors(Openable.java:530)
	at org.eclipse.jdt.internal.core.CompilationUnit.openAncestors(CompilationUnit.java:1243)
	at org.eclipse.jdt.internal.core.Openable.generateInfos(Openable.java:250)
	at org.eclipse.jdt.internal.core.JavaElement.openWhenClosed(JavaElement.java:596)
	at org.eclipse.jdt.internal.core.JavaElement.getElementInfo(JavaElement.java:326)
	at org.eclipse.jdt.internal.core.JavaElement.getElementInfo(JavaElement.java:312)
	at org.eclipse.jdt.internal.core.Openable.getBuffer(Openable.java:298)
	at org.eclipse.jdt.internal.core.Openable.findRecommendedLineSeparator(Openable.java:218)
	at org.eclipse.jdt.internal.core.dom.rewrite.imports.ImportRewriteAnalyzer.<init>(ImportRewriteAnalyzer.java:487)
	at org.eclipse.jdt.core.dom.rewrite.ImportRewrite.rewriteImports(ImportRewrite.java:1328)
	at org.eclipse.jdt.core.manipulation.OrganizeImportsOperation.createTextEdit(OrganizeImportsOperation.java:625)
	at org.eclipse.jdt.ls.core.internal.text.correction.SourceAssistProcessor.getOrganizeImportsProposal(SourceAssistProcessor.java:129)
	at org.eclipse.jdt.ls.core.internal.text.correction.SourceAssistProcessor.getSourceActionCommands(SourceAssistProcessor.java:81)
	at org.eclipse.jdt.ls.core.internal.handlers.CodeActionHandler.getCodeActionCommands(CodeActionHandler.java:126)
	at org.eclipse.jdt.ls.core.internal.handlers.JDTLanguageServer.lambda$14(JDTLanguageServer.java:592)
	at org.eclipse.jdt.ls.core.internal.handlers.JDTLanguageServer.lambda$30(JDTLanguageServer.java:821)
	at java.util.concurrent.CompletableFuture.uniApply(CompletableFuture.java:602)
	at java.util.concurrent.CompletableFuture$UniApply.tryFire(CompletableFuture.java:577)
	at java.util.concurrent.CompletableFuture$Completion.exec(CompletableFuture.java:443)
	at java.util.concurrent.ForkJoinTask.doExec(ForkJoinTask.java:289)
	at java.util.concurrent.ForkJoinPool$WorkQueue.runTask(ForkJoinPool.java:1056)
	at java.util.concurrent.ForkJoinPool.runWorker(ForkJoinPool.java:1692)
	at java.util.concurrent.ForkJoinWorkerThread.run(ForkJoinWorkerThread.java:157)

[Error - 11:57:24 PM] Mar 26, 2019 11:57:24 PM Resolve organize imports source action
_/agent [in Inteligencia artificial_e042b571] is not on its project's build path
Java Model Exception: Java Model Status [_/agent [in Inteligencia artificial_e042b571] is not on its project's build path]
	at org.eclipse.jdt.internal.core.PackageFragmentRoot.getResolvedClasspathEntry(PackageFragmentRoot.java:616)
	at org.eclipse.jdt.core.manipulation.OrganizeImportsOperation$TypeReferenceProcessor.process(OrganizeImportsOperation.java:358)
	at org.eclipse.jdt.core.manipulation.OrganizeImportsOperation.createTextEdit(OrganizeImportsOperation.java:597)
	at org.eclipse.jdt.ls.core.internal.text.correction.SourceAssistProcessor.getOrganizeImportsProposal(SourceAssistProcessor.java:129)
	at org.eclipse.jdt.ls.core.internal.text.correction.SourceAssistProcessor.getSourceActionCommands(SourceAssistProcessor.java:81)
	at org.eclipse.jdt.ls.core.internal.handlers.CodeActionHandler.getCodeActionCommands(CodeActionHandler.java:126)
	at org.eclipse.jdt.ls.core.internal.handlers.JDTLanguageServer.lambda$14(JDTLanguageServer.java:592)
	at org.eclipse.jdt.ls.core.internal.handlers.JDTLanguageServer.lambda$30(JDTLanguageServer.java:821)
	at java.util.concurrent.CompletableFuture.uniApply(CompletableFuture.java:602)
	at java.util.concurrent.CompletableFuture$UniApply.tryFire(CompletableFuture.java:577)
	at java.util.concurrent.CompletableFuture$Completion.exec(CompletableFuture.java:443)
	at java.util.concurrent.ForkJoinTask.doExec(ForkJoinTask.java:289)
	at java.util.concurrent.ForkJoinPool$WorkQueue.runTask(ForkJoinPool.java:1056)
	at java.util.concurrent.ForkJoinPool.runWorker(ForkJoinPool.java:1692)
	at java.util.concurrent.ForkJoinWorkerThread.run(ForkJoinWorkerThread.java:157)

[Error - 11:57:24 PM] Mar 26, 2019 11:57:24 PM Problems occurred when invoking code from plug-in: "org.eclipse.jdt.ls.core".
Failed to resolve main method codeLens: _/agent [in Inteligencia artificial_e042b571] is not on its project's build path
com.microsoft.java.debug.core.DebugException: Failed to resolve main method codeLens: _/agent [in Inteligencia artificial_e042b571] is not on its project's build path
	at com.microsoft.java.debug.plugin.internal.ResolveMainMethodHandler.resolveMainMethods(ResolveMainMethodHandler.java:70)
	at com.microsoft.java.debug.plugin.internal.JavaDebugDelegateCommandHandler.executeCommand(JavaDebugDelegateCommandHandler.java:57)
	at org.eclipse.jdt.ls.core.internal.handlers.WorkspaceExecuteCommandHandler$1.run(WorkspaceExecuteCommandHandler.java:151)
	at org.eclipse.core.runtime.SafeRunner.run(SafeRunner.java:45)
	at org.eclipse.jdt.ls.core.internal.handlers.WorkspaceExecuteCommandHandler.executeCommand(WorkspaceExecuteCommandHandler.java:141)
	at org.eclipse.jdt.ls.core.internal.handlers.JDTLanguageServer.lambda$4(JDTLanguageServer.java:455)
	at org.eclipse.jdt.ls.core.internal.handlers.JDTLanguageServer.lambda$30(JDTLanguageServer.java:821)
	at java.util.concurrent.CompletableFuture.uniApply(CompletableFuture.java:602)
	at java.util.concurrent.CompletableFuture$UniApply.tryFire(CompletableFuture.java:577)
	at java.util.concurrent.CompletableFuture$Completion.exec(CompletableFuture.java:443)
	at java.util.concurrent.ForkJoinTask.doExec(ForkJoinTask.java:289)
	at java.util.concurrent.ForkJoinPool$WorkQueue.runTask(ForkJoinPool.java:1056)
	at java.util.concurrent.ForkJoinPool.runWorker(ForkJoinPool.java:1692)
	at java.util.concurrent.ForkJoinWorkerThread.run(ForkJoinWorkerThread.java:157)
Caused by: Java Model Exception: Java Model Status [_/agent [in Inteligencia artificial_e042b571] is not on its project's build path]
	at org.eclipse.jdt.internal.core.JavaElement.newJavaModelException(JavaElement.java:583)
	at org.eclipse.jdt.internal.core.Openable.generateInfos(Openable.java:256)
	at org.eclipse.jdt.internal.core.Openable.openAncestors(Openable.java:530)
	at org.eclipse.jdt.internal.core.Openable.generateInfos(Openable.java:250)
	at org.eclipse.jdt.internal.core.Openable.openAncestors(Openable.java:530)
	at org.eclipse.jdt.internal.core.CompilationUnit.openAncestors(CompilationUnit.java:1243)
	at org.eclipse.jdt.internal.core.Openable.generateInfos(Openable.java:250)
	at org.eclipse.jdt.internal.core.JavaElement.openWhenClosed(JavaElement.java:596)
	at org.eclipse.jdt.internal.core.JavaElement.getElementInfo(JavaElement.java:326)
	at org.eclipse.jdt.internal.core.JavaElement.getElementInfo(JavaElement.java:312)
	at org.eclipse.jdt.internal.core.JavaElement.getChildren(JavaElement.java:267)
	at org.eclipse.jdt.internal.core.JavaElement.getChildrenOfType(JavaElement.java:281)
	at org.eclipse.jdt.internal.core.CompilationUnit.getTypes(CompilationUnit.java:972)
	at com.microsoft.java.debug.plugin.internal.ResolveMainMethodHandler.getPotentialMainClassTypes(ResolveMainMethodHandler.java:111)
	at com.microsoft.java.debug.plugin.internal.ResolveMainMethodHandler.searchMainMethods(ResolveMainMethodHandler.java:88)
	at com.microsoft.java.debug.plugin.internal.ResolveMainMethodHandler.resolveMainMethodCore(ResolveMainMethodHandler.java:76)
	at com.microsoft.java.debug.plugin.internal.ResolveMainMethodHandler.resolveMainMethods(ResolveMainMethodHandler.java:68)
	... 13 more

[Error - 11:57:24 PM] Mar 26, 2019 11:57:24 PM Error in calling delegate command handler
Failed to resolve main method codeLens: _/agent [in Inteligencia artificial_e042b571] is not on its project's build path
com.microsoft.java.debug.core.DebugException: Failed to resolve main method codeLens: _/agent [in Inteligencia artificial_e042b571] is not on its project's build path
	at com.microsoft.java.debug.plugin.internal.ResolveMainMethodHandler.resolveMainMethods(ResolveMainMethodHandler.java:70)
	at com.microsoft.java.debug.plugin.internal.JavaDebugDelegateCommandHandler.executeCommand(JavaDebugDelegateCommandHandler.java:57)
	at org.eclipse.jdt.ls.core.internal.handlers.WorkspaceExecuteCommandHandler$1.run(WorkspaceExecuteCommandHandler.java:151)
	at org.eclipse.core.runtime.SafeRunner.run(SafeRunner.java:45)
	at org.eclipse.jdt.ls.core.internal.handlers.WorkspaceExecuteCommandHandler.executeCommand(WorkspaceExecuteCommandHandler.java:141)
	at org.eclipse.jdt.ls.core.internal.handlers.JDTLanguageServer.lambda$4(JDTLanguageServer.java:455)
	at org.eclipse.jdt.ls.core.internal.handlers.JDTLanguageServer.lambda$30(JDTLanguageServer.java:821)
	at java.util.concurrent.CompletableFuture.uniApply(CompletableFuture.java:602)
	at java.util.concurrent.CompletableFuture$UniApply.tryFire(CompletableFuture.java:577)
	at java.util.concurrent.CompletableFuture$Completion.exec(CompletableFuture.java:443)
	at java.util.concurrent.ForkJoinTask.doExec(ForkJoinTask.java:289)
	at java.util.concurrent.ForkJoinPool$WorkQueue.runTask(ForkJoinPool.java:1056)
	at java.util.concurrent.ForkJoinPool.runWorker(ForkJoinPool.java:1692)
	at java.util.concurrent.ForkJoinWorkerThread.run(ForkJoinWorkerThread.java:157)
Caused by: Java Model Exception: Java Model Status [_/agent [in Inteligencia artificial_e042b571] is not on its project's build path]
	at org.eclipse.jdt.internal.core.JavaElement.newJavaModelException(JavaElement.java:583)
	at org.eclipse.jdt.internal.core.Openable.generateInfos(Openable.java:256)
	at org.eclipse.jdt.internal.core.Openable.openAncestors(Openable.java:530)
	at org.eclipse.jdt.internal.core.Openable.generateInfos(Openable.java:250)
	at org.eclipse.jdt.internal.core.Openable.openAncestors(Openable.java:530)
	at org.eclipse.jdt.internal.core.CompilationUnit.openAncestors(CompilationUnit.java:1243)
	at org.eclipse.jdt.internal.core.Openable.generateInfos(Openable.java:250)
	at org.eclipse.jdt.internal.core.JavaElement.openWhenClosed(JavaElement.java:596)
	at org.eclipse.jdt.internal.core.JavaElement.getElementInfo(JavaElement.java:326)
	at org.eclipse.jdt.internal.core.JavaElement.getElementInfo(JavaElement.java:312)
	at org.eclipse.jdt.internal.core.JavaElement.getChildren(JavaElement.java:267)
	at org.eclipse.jdt.internal.core.JavaElement.getChildrenOfType(JavaElement.java:281)
	at org.eclipse.jdt.internal.core.CompilationUnit.getTypes(CompilationUnit.java:972)
	at com.microsoft.java.debug.plugin.internal.ResolveMainMethodHandler.getPotentialMainClassTypes(ResolveMainMethodHandler.java:111)
	at com.microsoft.java.debug.plugin.internal.ResolveMainMethodHandler.searchMainMethods(ResolveMainMethodHandler.java:88)
	at com.microsoft.java.debug.plugin.internal.ResolveMainMethodHandler.resolveMainMethodCore(ResolveMainMethodHandler.java:76)
	at com.microsoft.java.debug.plugin.internal.ResolveMainMethodHandler.resolveMainMethods(ResolveMainMethodHandler.java:68)
	... 13 more

[Error - 11:57:33 PM] Mar 26, 2019 11:57:33 PM Resolve organize imports source action
_/agent [in Inteligencia artificial_e042b571] is not on its project's build path
Java Model Exception: Java Model Status [_/agent [in Inteligencia artificial_e042b571] is not on its project's build path]
	at org.eclipse.jdt.internal.core.PackageFragmentRoot.getResolvedClasspathEntry(PackageFragmentRoot.java:616)
	at org.eclipse.jdt.core.manipulation.OrganizeImportsOperation$TypeReferenceProcessor.process(OrganizeImportsOperation.java:358)
	at org.eclipse.jdt.core.manipulation.OrganizeImportsOperation.createTextEdit(OrganizeImportsOperation.java:597)
	at org.eclipse.jdt.ls.core.internal.text.correction.SourceAssistProcessor.getOrganizeImportsProposal(SourceAssistProcessor.java:129)
	at org.eclipse.jdt.ls.core.internal.text.correction.SourceAssistProcessor.getSourceActionCommands(SourceAssistProcessor.java:81)
	at org.eclipse.jdt.ls.core.internal.handlers.CodeActionHandler.getCodeActionCommands(CodeActionHandler.java:126)
	at org.eclipse.jdt.ls.core.internal.handlers.JDTLanguageServer.lambda$14(JDTLanguageServer.java:592)
	at org.eclipse.jdt.ls.core.internal.handlers.JDTLanguageServer.lambda$30(JDTLanguageServer.java:821)
	at java.util.concurrent.CompletableFuture.uniApply(CompletableFuture.java:602)
	at java.util.concurrent.CompletableFuture$UniApply.tryFire(CompletableFuture.java:577)
	at java.util.concurrent.CompletableFuture$Completion.exec(CompletableFuture.java:443)
	at java.util.concurrent.ForkJoinTask.doExec(ForkJoinTask.java:289)
	at java.util.concurrent.ForkJoinPool$WorkQueue.runTask(ForkJoinPool.java:1056)
	at java.util.concurrent.ForkJoinPool.runWorker(ForkJoinPool.java:1692)
	at java.util.concurrent.ForkJoinWorkerThread.run(ForkJoinWorkerThread.java:157)

[Error - 11:57:41 PM] Mar 26, 2019 11:57:41 PM Resolve organize imports source action
_/agent [in Inteligencia artificial_e042b571] is not on its project's build path
Java Model Exception: Java Model Status [_/agent [in Inteligencia artificial_e042b571] is not on its project's build path]
	at org.eclipse.jdt.internal.core.PackageFragmentRoot.getResolvedClasspathEntry(PackageFragmentRoot.java:616)
	at org.eclipse.jdt.core.manipulation.OrganizeImportsOperation$TypeReferenceProcessor.process(OrganizeImportsOperation.java:358)
	at org.eclipse.jdt.core.manipulation.OrganizeImportsOperation.createTextEdit(OrganizeImportsOperation.java:597)
	at org.eclipse.jdt.ls.core.internal.text.correction.SourceAssistProcessor.getOrganizeImportsProposal(SourceAssistProcessor.java:129)
	at org.eclipse.jdt.ls.core.internal.text.correction.SourceAssistProcessor.getSourceActionCommands(SourceAssistProcessor.java:81)
	at org.eclipse.jdt.ls.core.internal.handlers.CodeActionHandler.getCodeActionCommands(CodeActionHandler.java:126)
	at org.eclipse.jdt.ls.core.internal.handlers.JDTLanguageServer.lambda$14(JDTLanguageServer.java:592)
	at org.eclipse.jdt.ls.core.internal.handlers.JDTLanguageServer.lambda$30(JDTLanguageServer.java:821)
	at java.util.concurrent.CompletableFuture.uniApply(CompletableFuture.java:602)
	at java.util.concurrent.CompletableFuture$UniApply.tryFire(CompletableFuture.java:577)
	at java.util.concurrent.CompletableFuture$Completion.exec(CompletableFuture.java:443)
	at java.util.concurrent.ForkJoinTask.doExec(ForkJoinTask.java:289)
	at java.util.concurrent.ForkJoinPool$WorkQueue.runTask(ForkJoinPool.java:1056)
	at java.util.concurrent.ForkJoinPool.runWorker(ForkJoinPool.java:1692)
	at java.util.concurrent.ForkJoinWorkerThread.run(ForkJoinWorkerThread.java:157)

[Error - 11:58:30 PM] Mar 26, 2019 11:58:30 PM Resolve organize imports source action
_/agent [in Inteligencia artificial_e042b571] is not on its project's build path
Java Model Exception: Java Model Status [_/agent [in Inteligencia artificial_e042b571] is not on its project's build path]
	at org.eclipse.jdt.internal.core.PackageFragmentRoot.getResolvedClasspathEntry(PackageFragmentRoot.java:616)
	at org.eclipse.jdt.core.manipulation.OrganizeImportsOperation$TypeReferenceProcessor.process(OrganizeImportsOperation.java:358)
	at org.eclipse.jdt.core.manipulation.OrganizeImportsOperation.createTextEdit(OrganizeImportsOperation.java:597)
	at org.eclipse.jdt.ls.core.internal.text.correction.SourceAssistProcessor.getOrganizeImportsProposal(SourceAssistProcessor.java:129)
	at org.eclipse.jdt.ls.core.internal.text.correction.SourceAssistProcessor.getSourceActionCommands(SourceAssistProcessor.java:81)
	at org.eclipse.jdt.ls.core.internal.handlers.CodeActionHandler.getCodeActionCommands(CodeActionHandler.java:126)
	at org.eclipse.jdt.ls.core.internal.handlers.JDTLanguageServer.lambda$14(JDTLanguageServer.java:592)
	at org.eclipse.jdt.ls.core.internal.handlers.JDTLanguageServer.lambda$30(JDTLanguageServer.java:821)
	at java.util.concurrent.CompletableFuture.uniApply(CompletableFuture.java:602)
	at java.util.concurrent.CompletableFuture$UniApply.tryFire(CompletableFuture.java:577)
	at java.util.concurrent.CompletableFuture$Completion.exec(CompletableFuture.java:443)
	at java.util.concurrent.ForkJoinTask.doExec(ForkJoinTask.java:289)
	at java.util.concurrent.ForkJoinPool$WorkQueue.runTask(ForkJoinPool.java:1056)
	at java.util.concurrent.ForkJoinPool.runWorker(ForkJoinPool.java:1692)
	at java.util.concurrent.ForkJoinWorkerThread.run(ForkJoinWorkerThread.java:157)

[Error - 11:58:30 PM] Mar 26, 2019 11:58:30 PM Resolve organize imports source action
_/agent [in Inteligencia artificial_e042b571] is not on its project's build path
Java Model Exception: Java Model Status [_/agent [in Inteligencia artificial_e042b571] is not on its project's build path]
	at org.eclipse.jdt.internal.core.PackageFragmentRoot.getResolvedClasspathEntry(PackageFragmentRoot.java:616)
	at org.eclipse.jdt.core.manipulation.OrganizeImportsOperation$TypeReferenceProcessor.process(OrganizeImportsOperation.java:358)
	at org.eclipse.jdt.core.manipulation.OrganizeImportsOperation.createTextEdit(OrganizeImportsOperation.java:597)
	at org.eclipse.jdt.ls.core.internal.text.correction.SourceAssistProcessor.getOrganizeImportsProposal(SourceAssistProcessor.java:129)
	at org.eclipse.jdt.ls.core.internal.text.correction.SourceAssistProcessor.getSourceActionCommands(SourceAssistProcessor.java:81)
	at org.eclipse.jdt.ls.core.internal.handlers.CodeActionHandler.getCodeActionCommands(CodeActionHandler.java:126)
	at org.eclipse.jdt.ls.core.internal.handlers.JDTLanguageServer.lambda$14(JDTLanguageServer.java:592)
	at org.eclipse.jdt.ls.core.internal.handlers.JDTLanguageServer.lambda$30(JDTLanguageServer.java:821)
	at java.util.concurrent.CompletableFuture.uniApply(CompletableFuture.java:602)
	at java.util.concurrent.CompletableFuture$UniApply.tryFire(CompletableFuture.java:577)
	at java.util.concurrent.CompletableFuture$Completion.exec(CompletableFuture.java:443)
	at java.util.concurrent.ForkJoinTask.doExec(ForkJoinTask.java:289)
	at java.util.concurrent.ForkJoinPool$WorkQueue.runTask(ForkJoinPool.java:1056)
	at java.util.concurrent.ForkJoinPool.runWorker(ForkJoinPool.java:1692)
	at java.util.concurrent.ForkJoinWorkerThread.run(ForkJoinWorkerThread.java:157)

[Error - 11:58:36 PM] Mar 26, 2019 11:58:36 PM Resolve organize imports source action
_/agent [in Inteligencia artificial_e042b571] is not on its project's build path
Java Model Exception: Java Model Status [_/agent [in Inteligencia artificial_e042b571] is not on its project's build path]
	at org.eclipse.jdt.internal.core.PackageFragmentRoot.getResolvedClasspathEntry(PackageFragmentRoot.java:616)
	at org.eclipse.jdt.core.manipulation.OrganizeImportsOperation$TypeReferenceProcessor.process(OrganizeImportsOperation.java:358)
	at org.eclipse.jdt.core.manipulation.OrganizeImportsOperation.createTextEdit(OrganizeImportsOperation.java:597)
	at org.eclipse.jdt.ls.core.internal.text.correction.SourceAssistProcessor.getOrganizeImportsProposal(SourceAssistProcessor.java:129)
	at org.eclipse.jdt.ls.core.internal.text.correction.SourceAssistProcessor.getSourceActionCommands(SourceAssistProcessor.java:81)
	at org.eclipse.jdt.ls.core.internal.handlers.CodeActionHandler.getCodeActionCommands(CodeActionHandler.java:126)
	at org.eclipse.jdt.ls.core.internal.handlers.JDTLanguageServer.lambda$14(JDTLanguageServer.java:592)
	at org.eclipse.jdt.ls.core.internal.handlers.JDTLanguageServer.lambda$30(JDTLanguageServer.java:821)
	at java.util.concurrent.CompletableFuture.uniApply(CompletableFuture.java:602)
	at java.util.concurrent.CompletableFuture$UniApply.tryFire(CompletableFuture.java:577)
	at java.util.concurrent.CompletableFuture$Completion.exec(CompletableFuture.java:443)
	at java.util.concurrent.ForkJoinTask.doExec(ForkJoinTask.java:289)
	at java.util.concurrent.ForkJoinPool$WorkQueue.runTask(ForkJoinPool.java:1056)
	at java.util.concurrent.ForkJoinPool.runWorker(ForkJoinPool.java:1692)
	at java.util.concurrent.ForkJoinWorkerThread.run(ForkJoinWorkerThread.java:157)

[Error - 11:58:39 PM] Mar 26, 2019 11:58:39 PM Resolve organize imports source action
_/agent [in Inteligencia artificial_e042b571] is not on its project's build path
Java Model Exception: Java Model Status [_/agent [in Inteligencia artificial_e042b571] is not on its project's build path]
	at org.eclipse.jdt.internal.core.PackageFragmentRoot.getResolvedClasspathEntry(PackageFragmentRoot.java:616)
	at org.eclipse.jdt.core.manipulation.OrganizeImportsOperation$TypeReferenceProcessor.process(OrganizeImportsOperation.java:358)
	at org.eclipse.jdt.core.manipulation.OrganizeImportsOperation.createTextEdit(OrganizeImportsOperation.java:597)
	at org.eclipse.jdt.ls.core.internal.text.correction.SourceAssistProcessor.getOrganizeImportsProposal(SourceAssistProcessor.java:129)
	at org.eclipse.jdt.ls.core.internal.text.correction.SourceAssistProcessor.getSourceActionCommands(SourceAssistProcessor.java:81)
	at org.eclipse.jdt.ls.core.internal.handlers.CodeActionHandler.getCodeActionCommands(CodeActionHandler.java:126)
	at org.eclipse.jdt.ls.core.internal.handlers.JDTLanguageServer.lambda$14(JDTLanguageServer.java:592)
	at org.eclipse.jdt.ls.core.internal.handlers.JDTLanguageServer.lambda$30(JDTLanguageServer.java:821)
	at java.util.concurrent.CompletableFuture.uniApply(CompletableFuture.java:602)
	at java.util.concurrent.CompletableFuture$UniApply.tryFire(CompletableFuture.java:577)
	at java.util.concurrent.CompletableFuture$Completion.exec(CompletableFuture.java:443)
	at java.util.concurrent.ForkJoinTask.doExec(ForkJoinTask.java:289)
	at java.util.concurrent.ForkJoinPool$WorkQueue.runTask(ForkJoinPool.java:1056)
	at java.util.concurrent.ForkJoinPool.runWorker(ForkJoinPool.java:1692)
	at java.util.concurrent.ForkJoinWorkerThread.run(ForkJoinWorkerThread.java:157)

[Error - 11:58:40 PM] Mar 26, 2019 11:58:40 PM Resolve organize imports source action
_/agent [in Inteligencia artificial_e042b571] is not on its project's build path
Java Model Exception: Java Model Status [_/agent [in Inteligencia artificial_e042b571] is not on its project's build path]
	at org.eclipse.jdt.internal.core.PackageFragmentRoot.getResolvedClasspathEntry(PackageFragmentRoot.java:616)
	at org.eclipse.jdt.core.manipulation.OrganizeImportsOperation$TypeReferenceProcessor.process(OrganizeImportsOperation.java:358)
	at org.eclipse.jdt.core.manipulation.OrganizeImportsOperation.createTextEdit(OrganizeImportsOperation.java:597)
	at org.eclipse.jdt.ls.core.internal.text.correction.SourceAssistProcessor.getOrganizeImportsProposal(SourceAssistProcessor.java:129)
	at org.eclipse.jdt.ls.core.internal.text.correction.SourceAssistProcessor.getSourceActionCommands(SourceAssistProcessor.java:81)
	at org.eclipse.jdt.ls.core.internal.handlers.CodeActionHandler.getCodeActionCommands(CodeActionHandler.java:126)
	at org.eclipse.jdt.ls.core.internal.handlers.JDTLanguageServer.lambda$14(JDTLanguageServer.java:592)
	at org.eclipse.jdt.ls.core.internal.handlers.JDTLanguageServer.lambda$30(JDTLanguageServer.java:821)
	at java.util.concurrent.CompletableFuture.uniApply(CompletableFuture.java:602)
	at java.util.concurrent.CompletableFuture$UniApply.tryFire(CompletableFuture.java:577)
	at java.util.concurrent.CompletableFuture$Completion.exec(CompletableFuture.java:443)
	at java.util.concurrent.ForkJoinTask.doExec(ForkJoinTask.java:289)
	at java.util.concurrent.ForkJoinPool$WorkQueue.runTask(ForkJoinPool.java:1056)
	at java.util.concurrent.ForkJoinPool.runWorker(ForkJoinPool.java:1692)
	at java.util.concurrent.ForkJoinWorkerThread.run(ForkJoinWorkerThread.java:157)

[Error - 11:59:40 PM] Mar 26, 2019 11:59:40 PM Resolve organize imports source action
_/agent [in Inteligencia artificial_e042b571] is not on its project's build path
Java Model Exception: Java Model Status [_/agent [in Inteligencia artificial_e042b571] is not on its project's build path]
	at org.eclipse.jdt.internal.core.PackageFragmentRoot.getResolvedClasspathEntry(PackageFragmentRoot.java:616)
	at org.eclipse.jdt.core.manipulation.OrganizeImportsOperation$TypeReferenceProcessor.process(OrganizeImportsOperation.java:358)
	at org.eclipse.jdt.core.manipulation.OrganizeImportsOperation.createTextEdit(OrganizeImportsOperation.java:597)
	at org.eclipse.jdt.ls.core.internal.text.correction.SourceAssistProcessor.getOrganizeImportsProposal(SourceAssistProcessor.java:129)
	at org.eclipse.jdt.ls.core.internal.text.correction.SourceAssistProcessor.getSourceActionCommands(SourceAssistProcessor.java:81)
	at org.eclipse.jdt.ls.core.internal.handlers.CodeActionHandler.getCodeActionCommands(CodeActionHandler.java:126)
	at org.eclipse.jdt.ls.core.internal.handlers.JDTLanguageServer.lambda$14(JDTLanguageServer.java:592)
	at org.eclipse.jdt.ls.core.internal.handlers.JDTLanguageServer.lambda$30(JDTLanguageServer.java:821)
	at java.util.concurrent.CompletableFuture.uniApply(CompletableFuture.java:602)
	at java.util.concurrent.CompletableFuture$UniApply.tryFire(CompletableFuture.java:577)
	at java.util.concurrent.CompletableFuture$Completion.exec(CompletableFuture.java:443)
	at java.util.concurrent.ForkJoinTask.doExec(ForkJoinTask.java:289)
	at java.util.concurrent.ForkJoinPool$WorkQueue.runTask(ForkJoinPool.java:1056)
	at java.util.concurrent.ForkJoinPool.runWorker(ForkJoinPool.java:1692)
	at java.util.concurrent.ForkJoinWorkerThread.run(ForkJoinWorkerThread.java:157)

[Error - 11:59:42 PM] Mar 26, 2019 11:59:42 PM Resolve organize imports source action
_/agent [in Inteligencia artificial_e042b571] is not on its project's build path
Java Model Exception: Java Model Status [_/agent [in Inteligencia artificial_e042b571] is not on its project's build path]
	at org.eclipse.jdt.internal.core.PackageFragmentRoot.getResolvedClasspathEntry(PackageFragmentRoot.java:616)
	at org.eclipse.jdt.core.manipulation.OrganizeImportsOperation$TypeReferenceProcessor.process(OrganizeImportsOperation.java:358)
	at org.eclipse.jdt.core.manipulation.OrganizeImportsOperation.createTextEdit(OrganizeImportsOperation.java:597)
	at org.eclipse.jdt.ls.core.internal.text.correction.SourceAssistProcessor.getOrganizeImportsProposal(SourceAssistProcessor.java:129)
	at org.eclipse.jdt.ls.core.internal.text.correction.SourceAssistProcessor.getSourceActionCommands(SourceAssistProcessor.java:81)
	at org.eclipse.jdt.ls.core.internal.handlers.CodeActionHandler.getCodeActionCommands(CodeActionHandler.java:126)
	at org.eclipse.jdt.ls.core.internal.handlers.JDTLanguageServer.lambda$14(JDTLanguageServer.java:592)
	at org.eclipse.jdt.ls.core.internal.handlers.JDTLanguageServer.lambda$30(JDTLanguageServer.java:821)
	at java.util.concurrent.CompletableFuture.uniApply(CompletableFuture.java:602)
	at java.util.concurrent.CompletableFuture$UniApply.tryFire(CompletableFuture.java:577)
	at java.util.concurrent.CompletableFuture$Completion.exec(CompletableFuture.java:443)
	at java.util.concurrent.ForkJoinTask.doExec(ForkJoinTask.java:289)
	at java.util.concurrent.ForkJoinPool$WorkQueue.runTask(ForkJoinPool.java:1056)
	at java.util.concurrent.ForkJoinPool.runWorker(ForkJoinPool.java:1692)
	at java.util.concurrent.ForkJoinWorkerThread.run(ForkJoinWorkerThread.java:157)

[Error - 12:00:11 AM] Mar 27, 2019 12:00:11 AM Resolve organize imports source action
_/agent [in Inteligencia artificial_e042b571] is not on its project's build path
Java Model Exception: Java Model Status [_/agent [in Inteligencia artificial_e042b571] is not on its project's build path]
	at org.eclipse.jdt.internal.core.PackageFragmentRoot.getResolvedClasspathEntry(PackageFragmentRoot.java:616)
	at org.eclipse.jdt.core.manipulation.OrganizeImportsOperation$TypeReferenceProcessor.process(OrganizeImportsOperation.java:358)
	at org.eclipse.jdt.core.manipulation.OrganizeImportsOperation.createTextEdit(OrganizeImportsOperation.java:597)
	at org.eclipse.jdt.ls.core.internal.text.correction.SourceAssistProcessor.getOrganizeImportsProposal(SourceAssistProcessor.java:129)
	at org.eclipse.jdt.ls.core.internal.text.correction.SourceAssistProcessor.getSourceActionCommands(SourceAssistProcessor.java:81)
	at org.eclipse.jdt.ls.core.internal.handlers.CodeActionHandler.getCodeActionCommands(CodeActionHandler.java:126)
	at org.eclipse.jdt.ls.core.internal.handlers.JDTLanguageServer.lambda$14(JDTLanguageServer.java:592)
	at org.eclipse.jdt.ls.core.internal.handlers.JDTLanguageServer.lambda$30(JDTLanguageServer.java:821)
	at java.util.concurrent.CompletableFuture.uniApply(CompletableFuture.java:602)
	at java.util.concurrent.CompletableFuture$UniApply.tryFire(CompletableFuture.java:577)
	at java.util.concurrent.CompletableFuture$Completion.exec(CompletableFuture.java:443)
	at java.util.concurrent.ForkJoinTask.doExec(ForkJoinTask.java:289)
	at java.util.concurrent.ForkJoinPool$WorkQueue.runTask(ForkJoinPool.java:1056)
	at java.util.concurrent.ForkJoinPool.runWorker(ForkJoinPool.java:1692)
	at java.util.concurrent.ForkJoinWorkerThread.run(ForkJoinWorkerThread.java:157)

[Error - 12:00:11 AM] Mar 27, 2019 12:00:11 AM Resolve organize imports source action
_/agent [in Inteligencia artificial_e042b571] is not on its project's build path
Java Model Exception: Java Model Status [_/agent [in Inteligencia artificial_e042b571] is not on its project's build path]
	at org.eclipse.jdt.internal.core.PackageFragmentRoot.getResolvedClasspathEntry(PackageFragmentRoot.java:616)
	at org.eclipse.jdt.core.manipulation.OrganizeImportsOperation$TypeReferenceProcessor.process(OrganizeImportsOperation.java:358)
	at org.eclipse.jdt.core.manipulation.OrganizeImportsOperation.createTextEdit(OrganizeImportsOperation.java:597)
	at org.eclipse.jdt.ls.core.internal.text.correction.SourceAssistProcessor.getOrganizeImportsProposal(SourceAssistProcessor.java:129)
	at org.eclipse.jdt.ls.core.internal.text.correction.SourceAssistProcessor.getSourceActionCommands(SourceAssistProcessor.java:81)
	at org.eclipse.jdt.ls.core.internal.handlers.CodeActionHandler.getCodeActionCommands(CodeActionHandler.java:126)
	at org.eclipse.jdt.ls.core.internal.handlers.JDTLanguageServer.lambda$14(JDTLanguageServer.java:592)
	at org.eclipse.jdt.ls.core.internal.handlers.JDTLanguageServer.lambda$30(JDTLanguageServer.java:821)
	at java.util.concurrent.CompletableFuture.uniApply(CompletableFuture.java:602)
	at java.util.concurrent.CompletableFuture$UniApply.tryFire(CompletableFuture.java:577)
	at java.util.concurrent.CompletableFuture$Completion.exec(CompletableFuture.java:443)
	at java.util.concurrent.ForkJoinTask.doExec(ForkJoinTask.java:289)
	at java.util.concurrent.ForkJoinPool$WorkQueue.runTask(ForkJoinPool.java:1056)
	at java.util.concurrent.ForkJoinPool.runWorker(ForkJoinPool.java:1692)
	at java.util.concurrent.ForkJoinWorkerThread.run(ForkJoinWorkerThread.java:157)

[Error - 12:00:17 AM] Mar 27, 2019 12:00:17 AM Resolve organize imports source action
_/agent [in Inteligencia artificial_e042b571] is not on its project's build path
Java Model Exception: Java Model Status [_/agent [in Inteligencia artificial_e042b571] is not on its project's build path]
	at org.eclipse.jdt.internal.core.PackageFragmentRoot.getResolvedClasspathEntry(PackageFragmentRoot.java:616)
	at org.eclipse.jdt.core.manipulation.OrganizeImportsOperation$TypeReferenceProcessor.process(OrganizeImportsOperation.java:358)
	at org.eclipse.jdt.core.manipulation.OrganizeImportsOperation.createTextEdit(OrganizeImportsOperation.java:597)
	at org.eclipse.jdt.ls.core.internal.text.correction.SourceAssistProcessor.getOrganizeImportsProposal(SourceAssistProcessor.java:129)
	at org.eclipse.jdt.ls.core.internal.text.correction.SourceAssistProcessor.getSourceActionCommands(SourceAssistProcessor.java:81)
	at org.eclipse.jdt.ls.core.internal.handlers.CodeActionHandler.getCodeActionCommands(CodeActionHandler.java:126)
	at org.eclipse.jdt.ls.core.internal.handlers.JDTLanguageServer.lambda$14(JDTLanguageServer.java:592)
	at org.eclipse.jdt.ls.core.internal.handlers.JDTLanguageServer.lambda$30(JDTLanguageServer.java:821)
	at java.util.concurrent.CompletableFuture.uniApply(CompletableFuture.java:602)
	at java.util.concurrent.CompletableFuture$UniApply.tryFire(CompletableFuture.java:577)
	at java.util.concurrent.CompletableFuture$Completion.exec(CompletableFuture.java:443)
	at java.util.concurrent.ForkJoinTask.doExec(ForkJoinTask.java:289)
	at java.util.concurrent.ForkJoinPool$WorkQueue.runTask(ForkJoinPool.java:1056)
	at java.util.concurrent.ForkJoinPool.runWorker(ForkJoinPool.java:1692)
	at java.util.concurrent.ForkJoinWorkerThread.run(ForkJoinWorkerThread.java:157)

[Error - 12:00:17 AM] Mar 27, 2019 12:00:17 AM Resolve organize imports source action
_/agent [in Inteligencia artificial_e042b571] is not on its project's build path
Java Model Exception: Java Model Status [_/agent [in Inteligencia artificial_e042b571] is not on its project's build path]
	at org.eclipse.jdt.internal.core.PackageFragmentRoot.getResolvedClasspathEntry(PackageFragmentRoot.java:616)
	at org.eclipse.jdt.core.manipulation.OrganizeImportsOperation$TypeReferenceProcessor.process(OrganizeImportsOperation.java:358)
	at org.eclipse.jdt.core.manipulation.OrganizeImportsOperation.createTextEdit(OrganizeImportsOperation.java:597)
	at org.eclipse.jdt.ls.core.internal.text.correction.SourceAssistProcessor.getOrganizeImportsProposal(SourceAssistProcessor.java:129)
	at org.eclipse.jdt.ls.core.internal.text.correction.SourceAssistProcessor.getSourceActionCommands(SourceAssistProcessor.java:81)
	at org.eclipse.jdt.ls.core.internal.handlers.CodeActionHandler.getCodeActionCommands(CodeActionHandler.java:126)
	at org.eclipse.jdt.ls.core.internal.handlers.JDTLanguageServer.lambda$14(JDTLanguageServer.java:592)
	at org.eclipse.jdt.ls.core.internal.handlers.JDTLanguageServer.lambda$30(JDTLanguageServer.java:821)
	at java.util.concurrent.CompletableFuture.uniApply(CompletableFuture.java:602)
	at java.util.concurrent.CompletableFuture$UniApply.tryFire(CompletableFuture.java:577)
	at java.util.concurrent.CompletableFuture$Completion.exec(CompletableFuture.java:443)
	at java.util.concurrent.ForkJoinTask.doExec(ForkJoinTask.java:289)
	at java.util.concurrent.ForkJoinPool$WorkQueue.runTask(ForkJoinPool.java:1056)
	at java.util.concurrent.ForkJoinPool.runWorker(ForkJoinPool.java:1692)
	at java.util.concurrent.ForkJoinWorkerThread.run(ForkJoinWorkerThread.java:157)

[Error - 12:01:05 AM] Mar 27, 2019 12:01:05 AM Resolve organize imports source action
_/agent [in Inteligencia artificial_e042b571] is not on its project's build path
Java Model Exception: Java Model Status [_/agent [in Inteligencia artificial_e042b571] is not on its project's build path]
	at org.eclipse.jdt.internal.core.PackageFragmentRoot.getResolvedClasspathEntry(PackageFragmentRoot.java:616)
	at org.eclipse.jdt.core.manipulation.OrganizeImportsOperation$TypeReferenceProcessor.process(OrganizeImportsOperation.java:358)
	at org.eclipse.jdt.core.manipulation.OrganizeImportsOperation.createTextEdit(OrganizeImportsOperation.java:597)
	at org.eclipse.jdt.ls.core.internal.text.correction.SourceAssistProcessor.getOrganizeImportsProposal(SourceAssistProcessor.java:129)
	at org.eclipse.jdt.ls.core.internal.text.correction.SourceAssistProcessor.getSourceActionCommands(SourceAssistProcessor.java:81)
	at org.eclipse.jdt.ls.core.internal.handlers.CodeActionHandler.getCodeActionCommands(CodeActionHandler.java:126)
	at org.eclipse.jdt.ls.core.internal.handlers.JDTLanguageServer.lambda$14(JDTLanguageServer.java:592)
	at org.eclipse.jdt.ls.core.internal.handlers.JDTLanguageServer.lambda$30(JDTLanguageServer.java:821)
	at java.util.concurrent.CompletableFuture.uniApply(CompletableFuture.java:602)
	at java.util.concurrent.CompletableFuture$UniApply.tryFire(CompletableFuture.java:577)
	at java.util.concurrent.CompletableFuture$Completion.exec(CompletableFuture.java:443)
	at java.util.concurrent.ForkJoinTask.doExec(ForkJoinTask.java:289)
	at java.util.concurrent.ForkJoinPool$WorkQueue.runTask(ForkJoinPool.java:1056)
	at java.util.concurrent.ForkJoinPool.runWorker(ForkJoinPool.java:1692)
	at java.util.concurrent.ForkJoinWorkerThread.run(ForkJoinWorkerThread.java:157)

[Error - 12:01:26 AM] Mar 27, 2019 12:01:26 AM Resolve organize imports source action
_/agent [in Inteligencia artificial_e042b571] is not on its project's build path
Java Model Exception: Java Model Status [_/agent [in Inteligencia artificial_e042b571] is not on its project's build path]
	at org.eclipse.jdt.internal.core.PackageFragmentRoot.getResolvedClasspathEntry(PackageFragmentRoot.java:616)
	at org.eclipse.jdt.core.manipulation.OrganizeImportsOperation$TypeReferenceProcessor.process(OrganizeImportsOperation.java:358)
	at org.eclipse.jdt.core.manipulation.OrganizeImportsOperation.createTextEdit(OrganizeImportsOperation.java:597)
	at org.eclipse.jdt.ls.core.internal.text.correction.SourceAssistProcessor.getOrganizeImportsProposal(SourceAssistProcessor.java:129)
	at org.eclipse.jdt.ls.core.internal.text.correction.SourceAssistProcessor.getSourceActionCommands(SourceAssistProcessor.java:81)
	at org.eclipse.jdt.ls.core.internal.handlers.CodeActionHandler.getCodeActionCommands(CodeActionHandler.java:126)
	at org.eclipse.jdt.ls.core.internal.handlers.JDTLanguageServer.lambda$14(JDTLanguageServer.java:592)
	at org.eclipse.jdt.ls.core.internal.handlers.JDTLanguageServer.lambda$30(JDTLanguageServer.java:821)
	at java.util.concurrent.CompletableFuture.uniApply(CompletableFuture.java:602)
	at java.util.concurrent.CompletableFuture$UniApply.tryFire(CompletableFuture.java:577)
	at java.util.concurrent.CompletableFuture$Completion.exec(CompletableFuture.java:443)
	at java.util.concurrent.ForkJoinTask.doExec(ForkJoinTask.java:289)
	at java.util.concurrent.ForkJoinPool$WorkQueue.runTask(ForkJoinPool.java:1056)
	at java.util.concurrent.ForkJoinPool.runWorker(ForkJoinPool.java:1692)
	at java.util.concurrent.ForkJoinWorkerThread.run(ForkJoinWorkerThread.java:157)

[Error - 12:01:27 AM] Mar 27, 2019 12:01:27 AM Resolve organize imports source action
_/agent [in Inteligencia artificial_e042b571] is not on its project's build path
Java Model Exception: Java Model Status [_/agent [in Inteligencia artificial_e042b571] is not on its project's build path]
	at org.eclipse.jdt.internal.core.PackageFragmentRoot.getResolvedClasspathEntry(PackageFragmentRoot.java:616)
	at org.eclipse.jdt.core.manipulation.OrganizeImportsOperation$TypeReferenceProcessor.process(OrganizeImportsOperation.java:358)
	at org.eclipse.jdt.core.manipulation.OrganizeImportsOperation.createTextEdit(OrganizeImportsOperation.java:597)
	at org.eclipse.jdt.ls.core.internal.text.correction.SourceAssistProcessor.getOrganizeImportsProposal(SourceAssistProcessor.java:129)
	at org.eclipse.jdt.ls.core.internal.text.correction.SourceAssistProcessor.getSourceActionCommands(SourceAssistProcessor.java:81)
	at org.eclipse.jdt.ls.core.internal.handlers.CodeActionHandler.getCodeActionCommands(CodeActionHandler.java:126)
	at org.eclipse.jdt.ls.core.internal.handlers.JDTLanguageServer.lambda$14(JDTLanguageServer.java:592)
	at org.eclipse.jdt.ls.core.internal.handlers.JDTLanguageServer.lambda$30(JDTLanguageServer.java:821)
	at java.util.concurrent.CompletableFuture.uniApply(CompletableFuture.java:602)
	at java.util.concurrent.CompletableFuture$UniApply.tryFire(CompletableFuture.java:577)
	at java.util.concurrent.CompletableFuture$Completion.exec(CompletableFuture.java:443)
	at java.util.concurrent.ForkJoinTask.doExec(ForkJoinTask.java:289)
	at java.util.concurrent.ForkJoinPool$WorkQueue.runTask(ForkJoinPool.java:1056)
	at java.util.concurrent.ForkJoinPool.runWorker(ForkJoinPool.java:1692)
	at java.util.concurrent.ForkJoinWorkerThread.run(ForkJoinWorkerThread.java:157)

