[2019-03-25 00:42:18.526] [exthost] [info] extension host started
[2019-03-25 00:42:18.558] [exthost] [info] ExtensionService#_doActivateExtension vscode.debug-auto-launch {"startup":true,"activationEvent":"*"}
[2019-03-25 00:42:18.558] [exthost] [info] ExtensionService#loadCommonJSModule /usr/lib/code/extensions/debug-auto-launch/dist/extension
[2019-03-25 00:42:18.560] [exthost] [info] ExtensionService#_doActivateExtension vscode.emmet {"startup":true,"activationEvent":"*"}
[2019-03-25 00:42:18.560] [exthost] [info] ExtensionService#loadCommonJSModule /usr/lib/code/extensions/emmet/dist/extension
[2019-03-25 00:42:18.576] [exthost] [info] ExtensionService#_doActivateExtension vscode.git {"startup":true,"activationEvent":"*"}
[2019-03-25 00:42:18.576] [exthost] [info] ExtensionService#loadCommonJSModule /usr/lib/code/extensions/git/dist/main
[2019-03-25 00:42:18.647] [exthost] [info] ExtensionService#_doActivateExtension vscode.merge-conflict {"startup":true,"activationEvent":"*"}
[2019-03-25 00:42:18.647] [exthost] [info] ExtensionService#loadCommonJSModule /usr/lib/code/extensions/merge-conflict/dist/extension
[2019-03-25 00:42:18.651] [exthost] [info] ExtensionService#_doActivateExtension Equinusocio.vsc-material-theme {"startup":true,"activationEvent":"*"}
[2019-03-25 00:42:18.651] [exthost] [info] ExtensionService#loadCommonJSModule /home/reyes/.vscode-oss/extensions/equinusocio.vsc-material-theme-2.8.2/out/src/material.theme.config
[2019-03-25 00:42:18.656] [exthost] [info] ExtensionService#_doActivateExtension PKief.material-icon-theme {"startup":true,"activationEvent":"*"}
[2019-03-25 00:42:18.656] [exthost] [info] ExtensionService#loadCommonJSModule /home/reyes/.vscode-oss/extensions/pkief.material-icon-theme-3.7.0/dist/extension
[2019-03-25 00:42:18.669] [exthost] [info] ExtensionService#_doActivateExtension vscode.python {"startup":false,"activationEvent":"onLanguage:python"}
[2019-03-25 00:42:18.669] [exthost] [info] ExtensionService#loadCommonJSModule /usr/lib/code/extensions/python/out/pythonMain
[2019-03-25 00:42:18.670] [exthost] [info] ExtensionService#_doActivateExtension ms-python.python {"startup":false,"activationEvent":"onLanguage:python"}
[2019-03-25 00:42:18.670] [exthost] [info] ExtensionService#loadCommonJSModule /home/reyes/.vscode-oss/extensions/ms-python.python-2019.2.5558/out/client/extension
[2019-03-25 00:42:18.973] [exthost] [info] eager extensions activated
[2019-03-25 01:00:32.323] [exthost] [info] ExtensionService#_doActivateExtension ms-vscode.cpptools {"startup":false,"activationEvent":"onDebug"}
[2019-03-25 01:00:32.323] [exthost] [info] ExtensionService#loadCommonJSModule /home/reyes/.vscode-oss/extensions/ms-vscode.cpptools-0.22.1/out/src/main
[2019-03-25 01:00:32.851] [exthost] [info] ExtensionService#_doActivateExtension vscode.debug-server-ready {"startup":false,"activationEvent":"onDebugResolve"}
[2019-03-25 01:00:32.851] [exthost] [info] ExtensionService#loadCommonJSModule /usr/lib/code/extensions/debug-server-ready/dist/extension
[2019-03-25 01:00:40.509] [exthost] [info] ExtensionService#_doActivateExtension vscode.configuration-editing {"startup":false,"activationEvent":"onLanguage:jsonc"}
[2019-03-25 01:00:40.509] [exthost] [info] ExtensionService#loadCommonJSModule /usr/lib/code/extensions/configuration-editing/dist/extension
[2019-03-25 01:00:40.531] [exthost] [info] ExtensionService#_doActivateExtension vscode.json-language-features {"startup":false,"activationEvent":"onLanguage:jsonc"}
[2019-03-25 01:00:40.531] [exthost] [info] ExtensionService#loadCommonJSModule /usr/lib/code/extensions/json-language-features/client/dist/jsonMain
[2019-03-25 01:00:40.670] [exthost] [info] ExtensionService#_doActivateExtension vscode.typescript-language-features {"startup":false,"activationEvent":"onLanguage:jsonc"}
[2019-03-25 01:00:40.670] [exthost] [info] ExtensionService#loadCommonJSModule /usr/lib/code/extensions/typescript-language-features/dist/extension
