[2019-03-25 15:15:54.104] [exthost] [info] extension host started
[2019-03-25 15:15:54.141] [exthost] [info] ExtensionService#_doActivateExtension vscode.debug-auto-launch {"startup":true,"activationEvent":"*"}
[2019-03-25 15:15:54.141] [exthost] [info] ExtensionService#loadCommonJSModule /usr/lib/code/extensions/debug-auto-launch/dist/extension
[2019-03-25 15:15:54.149] [exthost] [info] ExtensionService#_doActivateExtension vscode.emmet {"startup":true,"activationEvent":"*"}
[2019-03-25 15:15:54.149] [exthost] [info] ExtensionService#loadCommonJSModule /usr/lib/code/extensions/emmet/dist/extension
[2019-03-25 15:15:54.173] [exthost] [info] ExtensionService#_doActivateExtension vscode.git {"startup":true,"activationEvent":"*"}
[2019-03-25 15:15:54.173] [exthost] [info] ExtensionService#loadCommonJSModule /usr/lib/code/extensions/git/dist/main
[2019-03-25 15:15:54.292] [exthost] [info] ExtensionService#_doActivateExtension vscode.merge-conflict {"startup":true,"activationEvent":"*"}
[2019-03-25 15:15:54.292] [exthost] [info] ExtensionService#loadCommonJSModule /usr/lib/code/extensions/merge-conflict/dist/extension
[2019-03-25 15:15:54.298] [exthost] [info] ExtensionService#_doActivateExtension Equinusocio.vsc-material-theme {"startup":true,"activationEvent":"*"}
[2019-03-25 15:15:54.298] [exthost] [info] ExtensionService#loadCommonJSModule /home/reyes/.vscode-oss/extensions/equinusocio.vsc-material-theme-2.8.2/out/src/material.theme.config
[2019-03-25 15:15:54.308] [exthost] [info] ExtensionService#_doActivateExtension PKief.material-icon-theme {"startup":true,"activationEvent":"*"}
[2019-03-25 15:15:54.309] [exthost] [info] ExtensionService#loadCommonJSModule /home/reyes/.vscode-oss/extensions/pkief.material-icon-theme-3.7.0/dist/extension
[2019-03-25 15:15:54.329] [exthost] [info] ExtensionService#_doActivateExtension vscode.python {"startup":false,"activationEvent":"onLanguage:python"}
[2019-03-25 15:15:54.329] [exthost] [info] ExtensionService#loadCommonJSModule /usr/lib/code/extensions/python/out/pythonMain
[2019-03-25 15:15:54.332] [exthost] [info] ExtensionService#_doActivateExtension ms-python.python {"startup":false,"activationEvent":"onLanguage:python"}
[2019-03-25 15:15:54.332] [exthost] [info] ExtensionService#loadCommonJSModule /home/reyes/.vscode-oss/extensions/ms-python.python-2019.2.5558/out/client/extension
[2019-03-25 15:15:54.808] [exthost] [info] eager extensions activated
[2019-03-25 15:18:40.392] [exthost] [info] ExtensionService#_doActivateExtension ms-vscode.cpptools {"startup":false,"activationEvent":"onDebug"}
[2019-03-25 15:18:40.392] [exthost] [info] ExtensionService#loadCommonJSModule /home/reyes/.vscode-oss/extensions/ms-vscode.cpptools-0.22.1/out/src/main
[2019-03-25 15:18:40.736] [exthost] [info] ExtensionService#_doActivateExtension vscode.debug-server-ready {"startup":false,"activationEvent":"onDebugResolve"}
[2019-03-25 15:18:40.737] [exthost] [info] ExtensionService#loadCommonJSModule /usr/lib/code/extensions/debug-server-ready/dist/extension
